0 info it worked if it ends with ok
1 verbose cli [ 'node', '/usr/local/bin/npm', 'install', '-g', 'ios-sim' ]
2 info using npm@2.7.4
3 info using node@v0.12.2
4 silly cache add args [ 'ios-sim', null ]
5 verbose cache add spec ios-sim
6 silly cache add parsed spec { raw: 'ios-sim',
6 silly cache add   scope: null,
6 silly cache add   name: 'ios-sim',
6 silly cache add   rawSpec: '',
6 silly cache add   spec: '*',
6 silly cache add   type: 'range' }
7 verbose addNamed ios-sim@*
8 silly addNamed semver.valid null
9 silly addNamed semver.validRange *
10 silly addNameRange { name: 'ios-sim', range: '*', hasData: false }
11 silly mapToRegistry name ios-sim
12 silly mapToRegistry using default registry
13 silly mapToRegistry registry https://registry.npmjs.org/
14 silly mapToRegistry uri https://registry.npmjs.org/ios-sim
15 verbose addNameRange registry:https://registry.npmjs.org/ios-sim not in flight; fetching
16 verbose request uri https://registry.npmjs.org/ios-sim
17 verbose request no auth needed
18 info attempt registry request try #1 at 9:34:37 PM
19 verbose request id 93282113b81a5824
20 http request GET https://registry.npmjs.org/ios-sim
21 http 200 https://registry.npmjs.org/ios-sim
22 silly get cb [ 200,
22 silly get   { date: 'Mon, 20 Apr 2015 12:34:38 GMT',
22 silly get     server: 'CouchDB/1.5.0 (Erlang OTP/R16B03)',
22 silly get     etag: '"LZQ64UFJSCLICI2NUYOLIGEP"',
22 silly get     'content-type': 'application/json',
22 silly get     'cache-control': 'max-age=60',
22 silly get     'content-length': '16374',
22 silly get     'accept-ranges': 'bytes',
22 silly get     via: '1.1 varnish',
22 silly get     age: '0',
22 silly get     'x-served-by': 'cache-nrt6123-NRT',
22 silly get     'x-cache': 'HIT',
22 silly get     'x-cache-hits': '1',
22 silly get     'x-timer': 'S1429533278.377132,VS0,VE111',
22 silly get     vary: 'Accept',
22 silly get     'keep-alive': 'timeout=10, max=50',
22 silly get     connection: 'Keep-Alive' } ]
23 verbose get saving ios-sim to /Users/Randy/.npm/registry.npmjs.org/ios-sim/.cache.json
24 silly addNameRange number 2 { name: 'ios-sim', range: '*', hasData: true }
25 silly addNameRange versions [ 'ios-sim',
25 silly addNameRange   [ '1.8.0',
25 silly addNameRange     '1.8.1',
25 silly addNameRange     '1.8.2',
25 silly addNameRange     '1.9.0',
25 silly addNameRange     '2.0.0',
25 silly addNameRange     '2.0.1',
25 silly addNameRange     '3.0.0',
25 silly addNameRange     '3.1.0',
25 silly addNameRange     '3.1.1',
25 silly addNameRange     '4.0.0',
25 silly addNameRange     '4.0.1' ] ]
26 verbose addNamed ios-sim@3.1.1
27 silly addNamed semver.valid 3.1.1
28 silly addNamed semver.validRange 3.1.1
29 silly mapToRegistry name ios-sim
30 silly mapToRegistry using default registry
31 silly mapToRegistry registry https://registry.npmjs.org/
32 silly mapToRegistry uri https://registry.npmjs.org/ios-sim
33 verbose addRemoteTarball https://registry.npmjs.org/ios-sim/-/ios-sim-3.1.1.tgz not in flight; adding
34 verbose addRemoteTarball [ 'https://registry.npmjs.org/ios-sim/-/ios-sim-3.1.1.tgz',
34 verbose addRemoteTarball   '1129c3fda31b917ef656b8c53fd276392b51c6e8' ]
35 info retry fetch attempt 1 at 9:34:38 PM
36 info attempt registry request try #1 at 9:34:38 PM
37 http fetch GET https://registry.npmjs.org/ios-sim/-/ios-sim-3.1.1.tgz
38 http fetch 200 https://registry.npmjs.org/ios-sim/-/ios-sim-3.1.1.tgz
39 silly fetchAndShaCheck shasum 1129c3fda31b917ef656b8c53fd276392b51c6e8
40 verbose addTmpTarball /var/folders/jm/790619xj59z27s3f_yvp6by00000gn/T/npm-3196-6db05e09/registry.npmjs.org/ios-sim/-/ios-sim-3.1.1.tgz not in flight; adding
41 verbose addTmpTarball already have metadata; skipping unpack for ios-sim@3.1.1
42 silly cache afterAdd ios-sim@3.1.1
43 verbose afterAdd /Users/Randy/.npm/ios-sim/3.1.1/package/package.json not in flight; writing
44 verbose afterAdd /Users/Randy/.npm/ios-sim/3.1.1/package/package.json written
45 silly install resolved [ { name: 'ios-sim',
45 silly install resolved     version: '3.1.1',
45 silly install resolved     description: 'launch iOS apps into the iOS Simulator from the command line (Xcode 6.0)',
45 silly install resolved     main: 'ios-sim',
45 silly install resolved     scripts: { preinstall: 'rake build' },
45 silly install resolved     bin: { 'ios-sim': 'build/Release/ios-sim' },
45 silly install resolved     repository: { type: 'git', url: 'https://github.com/phonegap/ios-sim' },
45 silly install resolved     keywords: [ 'ios-sim', 'iOS Simulator' ],
45 silly install resolved     author: { name: 'Landon Fuller, Jeff Haynie, Eloy Duran, Shazron Abdullah' },
45 silly install resolved     license: 'MIT',
45 silly install resolved     gitHead: 'c6ec64397e5fa462f1ea2d4e4fdc123a856618f9',
45 silly install resolved     bugs: { url: 'https://github.com/phonegap/ios-sim/issues' },
45 silly install resolved     homepage: 'https://github.com/phonegap/ios-sim',
45 silly install resolved     _id: 'ios-sim@3.1.1',
45 silly install resolved     _shasum: '1129c3fda31b917ef656b8c53fd276392b51c6e8',
45 silly install resolved     _from: 'ios-sim@*',
45 silly install resolved     _npmVersion: '1.4.14',
45 silly install resolved     _npmUser: { name: 'shazron', email: 'shazron@gmail.com' },
45 silly install resolved     maintainers: [ [Object] ],
45 silly install resolved     dist:
45 silly install resolved      { shasum: '1129c3fda31b917ef656b8c53fd276392b51c6e8',
45 silly install resolved        tarball: 'http://registry.npmjs.org/ios-sim/-/ios-sim-3.1.1.tgz' },
45 silly install resolved     directories: {},
45 silly install resolved     _resolved: 'https://registry.npmjs.org/ios-sim/-/ios-sim-3.1.1.tgz' } ]
46 info install ios-sim@3.1.1 into /usr/local/lib
47 info installOne ios-sim@3.1.1
48 verbose installOne of ios-sim to /usr/local/lib not in flight; installing
49 verbose lock using /Users/Randy/.npm/_locks/ios-sim-3bb56db538048d2f.lock for /usr/local/lib/node_modules/ios-sim
50 silly install write writing ios-sim 3.1.1 to /usr/local/lib/node_modules/ios-sim
51 silly cache addNamed cb ios-sim@3.1.1
52 verbose unbuild lib/node_modules/ios-sim
53 silly gentlyRm /usr/local/lib/node_modules/ios-sim is being purged from base /usr/local
54 verbose gentlyRm don't care about contents; nuking /usr/local/lib/node_modules/ios-sim
55 verbose tar unpack /Users/Randy/.npm/ios-sim/3.1.1/package.tgz
56 verbose tar unpacking to /usr/local/lib/node_modules/ios-sim
57 silly gentlyRm /usr/local/lib/node_modules/ios-sim is being purged
58 verbose gentlyRm don't care about contents; nuking /usr/local/lib/node_modules/ios-sim
59 silly gunzTarPerm modes [ '755', '644' ]
60 silly gunzTarPerm extractEntry package.json
61 silly gunzTarPerm extractEntry .npmignore
62 silly gunzTarPerm extractEntry README.md
63 silly gunzTarPerm extractEntry LICENSE
64 silly gunzTarPerm extractEntry resources/buildbox/build.sh
65 silly gunzTarPerm extractEntry CoreSimulator/CoreSimulator.h
66 silly gunzTarPerm extractEntry CONTRIBUTING.md
67 silly gunzTarPerm extractEntry Rakefile
68 silly gunzTarPerm extractEntry Source/.npmignore
69 silly gunzTarPerm extractEntry Source/NSString+expandPath.h
70 silly gunzTarPerm extractEntry Source/NSString+expandPath.m
71 silly gunzTarPerm extractEntry Source/iPhoneSimulator.h
72 silly gunzTarPerm extractEntry Source/iPhoneSimulator.m
73 silly gunzTarPerm extractEntry Source/main.m
74 silly gunzTarPerm extractEntry Source/nsprintf.h
75 silly gunzTarPerm extractEntry Source/nsprintf.m
76 silly gunzTarPerm extractEntry Source/version.h
77 silly gunzTarPerm extractEntry ios-sim.xcodeproj/.npmignore
78 silly gunzTarPerm extractEntry ios-sim.xcodeproj/project.pbxproj
79 silly gunzTarPerm extractEntry ios-sim.xcodeproj/xcshareddata/xcschemes/ios-sim.xcscheme
80 silly gunzTarPerm extractEntry ios-sim_Prefix.pch
81 silly gunzTarPerm extractEntry DVTiPhoneSimulatorRemoteClient/DVTiPhoneSimulatorRemoteClient.h
82 silly gunzTarPerm extractEntry README.template.md
83 info preinstall ios-sim@3.1.1
84 verbose unsafe-perm in lifecycle true
85 info ios-sim@3.1.1 Failed to exec preinstall script
86 verbose unlock done using /Users/Randy/.npm/_locks/ios-sim-3bb56db538048d2f.lock for /usr/local/lib/node_modules/ios-sim
87 verbose stack Error: ios-sim@3.1.1 preinstall: `rake build`
87 verbose stack Exit status 1
87 verbose stack     at EventEmitter.<anonymous> (/usr/local/lib/node_modules/npm/lib/utils/lifecycle.js:213:16)
87 verbose stack     at EventEmitter.emit (events.js:110:17)
87 verbose stack     at ChildProcess.<anonymous> (/usr/local/lib/node_modules/npm/lib/utils/spawn.js:14:12)
87 verbose stack     at ChildProcess.emit (events.js:110:17)
87 verbose stack     at maybeClose (child_process.js:1015:16)
87 verbose stack     at Process.ChildProcess._handle.onexit (child_process.js:1087:5)
88 verbose pkgid ios-sim@3.1.1
89 verbose cwd /Users/Randy/Desktop/FKARTabs
90 error Darwin 14.1.0
91 error argv "node" "/usr/local/bin/npm" "install" "-g" "ios-sim"
92 error node v0.12.2
93 error npm  v2.7.4
94 error code ELIFECYCLE
95 error ios-sim@3.1.1 preinstall: `rake build`
95 error Exit status 1
96 error Failed at the ios-sim@3.1.1 preinstall script 'rake build'.
96 error This is most likely a problem with the ios-sim package,
96 error not with npm itself.
96 error Tell the author that this fails on your system:
96 error     rake build
96 error You can get their info via:
96 error     npm owner ls ios-sim
96 error There is likely additional logging output above.
97 verbose exit [ 1, true ]
98 verbose unbuild lib/node_modules/ios-sim
99 info preuninstall ios-sim@3.1.1
100 info uninstall ios-sim@3.1.1
101 verbose unbuild rmStuff ios-sim@3.1.1 from /usr/local/lib/node_modules
102 silly gentlyRm /usr/local/bin/ios-sim is being gently removed
103 silly gentlyRm verifying /usr/local is an npm working directory
104 silly gentlyRm containing path /usr/local is under npm's control, in /usr/local
105 silly gentlyRm deletion target /usr/local/bin/ios-sim is under /usr/local
106 verbose gentlyRm vacuuming from /usr/local/bin/ios-sim up to /usr/local
107 info postuninstall ios-sim@3.1.1
108 silly gentlyRm /usr/local/lib/node_modules/ios-sim is being purged from base /usr/local
109 verbose gentlyRm don't care about contents; nuking /usr/local/lib/node_modules/ios-sim
110 silly vacuum-fs purging /usr/local/lib/node_modules/ios-sim
111 silly vacuum-fs quitting because other entries in /usr/local/lib/node_modules
